0 info it worked if it ends with ok
1 verbose cli [ 'node', '/usr/local/bin/npm', 'version', 'patch' ]
2 info using npm@1.4.26
3 info using node@v0.10.31
4 verbose node symlink /usr/local/bin/node
5 error Error: Git working directory not clean.
5 error M .gitignore
5 error D npm-debug.log
5 error     at /usr/local/lib/node_modules/npm/lib/version.js:91:33
5 error     at ChildProcess.exithandler (child_process.js:646:7)
5 error     at ChildProcess.emit (events.js:98:17)
5 error     at maybeClose (child_process.js:756:16)
5 error     at Socket.<anonymous> (child_process.js:969:11)
5 error     at Socket.emit (events.js:95:17)
5 error     at Pipe.close (net.js:465:12)
6 error If you need help, you may report this *entire* log,
6 error including the npm and node versions, at:
6 error     <http://github.com/npm/npm/issues>
7 error System Darwin 13.4.0
8 error command "node" "/usr/local/bin/npm" "version" "patch"
9 error cwd /Users/sebastian/Sites/sporto/planetproto
10 error node -v v0.10.31
11 error npm -v 1.4.26
12 verbose exit [ 1, true ]
